[dotenv@17.2.3] injecting env (0) from .env -- tip: ⚙️  suppress all logs with { quiet: true }
[dotenv@17.2.3] injecting env (13) from .env.local -- tip: 🗂️ backup and recover secrets: https://dotenvx.com/ops
[1/129]  via 
[2/129] /3Dwebsite via /3Dwebsite
[3/129] /account/security via /presentation/admin-manager/account-security/9
[4/129] /accounts via /presentation/accounts-manager/accounts/1
[5/129] /accounts/create via /presentation/accounts-manager/accounts-create/2
[6/129] /accounts/edit/CA3606 via /presentation/accounts-manager/accounts-edit-accountId/3
[7/129] /accounts/invoices via /presentation/accounts-manager/accounts-invoices/6
[8/129] /accounts/invoices/8b88ec0a-8fbb-4f55-9f56-b5e587705f0e via /presentation/accounts-manager/accounts-invoices-invoiceId/7
[9/129] /accounts/payslips via /presentation/accounts-manager/accounts-payslips/8
[10/129] /accounts/reports via /presentation/accounts-manager/accounts-reports/9
[11/129] /accounts/settings via /presentation/accounts-manager/accounts-settings/10
[12/129] /accounts/transactions/CA3606 via /presentation/accounts-manager/accounts-transactions-accountId/5
[13/129] /accounts/view/CA3606 via /presentation/accounts-manager/accounts-view-accountId/4
[14/129] /admin/compliance via /presentation/admin-manager/admin-compliance/2
[15/129] /admin/compliance/breaches via /presentation/admin-manager/admin-compliance-breaches/4
[16/129] /admin/compliance/dpias via /presentation/admin-manager/admin-compliance-dpias/5
[17/129] /admin/compliance/retention via /presentation/admin-manager/admin-compliance-retention/7
[18/129] /admin/compliance/ropa via /presentation/admin-manager/admin-compliance-ropa/6
[19/129] /admin/compliance/sars via /presentation/admin-manager/admin-compliance-sars/3
[20/129] /admin/users via /presentation/admin-manager/admin-users/1
[21/129] /appointments via /presentation/workshop-manager/appointments/14
[22/129] /clocking via /presentation/workshop-manager/clocking/5
[23/129] /clocking/AdminM1-1 via /presentation/workshop-manager/clocking-technicianSlug/6
[24/129] /company-accounts via /presentation/accounts-manager/company-accounts/11
[25/129] /company-accounts/CA1497 via /presentation/accounts-manager/company-accounts-accountNumber/12
[26/129] /customers via /customers
[27/129] /customers/daisyhamond via /presentation/workshop-manager/customers-customerSlug/13
[28/129] /dashboard/accounts via /presentation/accounts-manager/dashboard-accounts/0
[29/129] /dashboard/admin via /presentation/admin-manager/dashboard-admin/0
[30/129] /dashboard/managers via /presentation/owner/dashboard-managers/0
[31/129] /dashboard/mot via /presentation/mot-tester/dashboard-mot/0
[32/129] /dashboard/painting via /dashboard/painting
[33/129] /dashboard/parts via /presentation/parts-manager/dashboard-parts/0
[34/129] /dashboard/service via /dashboard/service
[35/129] /dashboard/valeting via /presentation/valet-service/dashboard-valeting/0
[36/129] /dashboard/workshop via /presentation/techs/dashboard-workshop/0
[37/129] /dev/status-snapshot via /dev/status-snapshot
[38/129] /dev/ui via /dev/ui
[39/129] /dev/ui/legacy via /dev/ui/legacy
[40/129] /dev/user-diagnostic via /dev/user-diagnostic
[41/129] /hr via /presentation/hr-manager/hr/0
[42/129] /hr/attendance via /presentation/hr-manager/hr-attendance/2
[43/129] /hr/disciplinary via /presentation/hr-manager/hr-disciplinary/3
[44/129] /hr/employees via /presentation/hr-manager/hr-employees/4
[45/129] /hr/leave via /presentation/hr-manager/hr-leave/5
[46/129] /hr/manager via /presentation/hr-manager/hr-manager/1
[47/129] /hr/payroll via /presentation/hr-manager/hr-payroll/6
[48/129] /hr/performance via /presentation/hr-manager/hr-performance/7
[49/129] /hr/recruitment via /presentation/hr-manager/hr-recruitment/8
[50/129] /hr/reports via /presentation/hr-manager/hr-reports/9
[51/129] /hr/settings via /presentation/hr-manager/hr-settings/10
[52/129] /hr/training via /presentation/hr-manager/hr-training/11
[53/129] /job-cards via /presentation/workshop-manager/job-cards/9
[54/129] /job-cards/00055 via /presentation/techs/job-cards-jobNumber/4
[55/129] /job-cards/appointments via /presentation/workshop-manager/job-cards-appointments/12
[56/129] /job-cards/archive via /presentation/workshop-manager/job-cards-archive/11
[57/129] /job-cards/create via /presentation/workshop-manager/job-cards-create/10
[58/129] /job-cards/myjobs via /presentation/techs/job-cards-myjobs/2
[59/129] /job-cards/myjobs/00055 via /presentation/techs/job-cards-myjobs-jobNumber/3
[60/129] /job-cards/valet/00055 via /presentation/valet-service/job-cards-valet-jobnumber/2
[61/129] /job-cards/view via /presentation/parts-manager/job-cards-view/3
[62/129] /job-cards/waiting/nextjobs via /presentation/workshop-manager/job-cards-waiting-nextjobs/2
[63/129] /login via /presentation/general/login/4
[64/129] /loginPresentation via /loginPresentation
[65/129] /messages via /presentation/general/messages/0
[66/129] /mobile/dashboard via /presentation/mobile-technician/mobile-dashboard/0
[67/129] /mobile/delivery/00055 via /presentation/mobile-technician/mobile-delivery-jobNumber/1
[68/129] /newpage via /newpage
[69/129] /newsfeed via /presentation/general/newsfeed/1
[70/129] /parts via /presentation/parts-manager/parts/1
[71/129] /parts/create-order via /presentation/parts-manager/parts-create-order/5
[72/129] /parts/create-order/P00004 via /presentation/parts-manager/parts-create-order-orderNumber/6
[73/129] /parts/deliveries via /presentation/parts-manager/parts-deliveries/7
[74/129] /parts/deliveries/46f898c4-6300-4088-8b93-17dd8a634ce1 via /presentation/parts-manager/parts-deliveries-deliveryId/8
[75/129] /parts/delivery-planner via /presentation/parts-manager/parts-delivery-planner/9
[76/129] /parts/goods-in via /presentation/parts-manager/parts-goods-in/10
[77/129] /parts/goods-in/GIN-00028 via /presentation/parts-manager/parts-goods-in-goodsInNumber/11
[78/129] /parts/manager via /presentation/parts-manager/parts-manager/2
[79/129] /password-reset/new via /presentation/general/password-reset-new/5
[80/129] /presentation via /presentation
[81/129] /profile via /presentation/general/profile/2
[82/129] /profile?tab=personal via /presentation/general/profile-tab-personal/3
[83/129] /profile/privacy via /presentation/admin-manager/profile-privacy/8
[84/129] /slideshow via /slideshow
[85/129] /staff/website-manager via /presentation/admin-manager/staff-website-manager/10
[86/129] /stock-catalogue via /presentation/parts-manager/stock-catalogue/4
[87/129] /tech/consumables-request via /presentation/techs/tech-consumables-request/5
[88/129] /tech/dashboard via /presentation/techs/tech-dashboard/1
[89/129] /tech/efficiency via /presentation/techs/tech-efficiency/6
[90/129] /tracking via /presentation/techs/tracking/8
[91/129] /unauthorized via /unauthorized
[92/129] /valet via /presentation/valet-service/valet/1
[93/129] /vhc via /presentation/techs/vhc/7
[94/129] /vhc/customer-preview/00076 via /presentation/customer/vhc-customer-preview-jobNumber/8
[95/129] /vhc/customer-view/00076 via /presentation/customer/vhc-customer-view-jobNumber/9
[96/129] /vhc/customer/00076/OSD7Ds_cq_77 via /presentation/customer/vhc-customer-jobNumber-linkCode/11
[97/129] /vhc/share/00076/OSD7Ds_cq_77 via /presentation/customer/vhc-share-jobNumber-linkCode/10
[98/129] /vision via /vision
[99/129] /vision/communication-layer via /vision/communication-layer
[100/129] /vision/finance via /vision/finance
[101/129] /vision/future-platform via /vision/future-platform
[102/129] /vision/management via /vision/management
[103/129] /vision/mobile-technician via /vision/mobile-technician
[104/129] /vision/mot via /vision/mot
[105/129] /vision/operational-intelligence via /vision/operational-intelligence
[106/129] /vision/parts-intelligence via /vision/parts-intelligence
[107/129] /vision/roadmap via /vision/roadmap
[108/129] /vision/role-tree-demo via /vision/role-tree-demo
[109/129] /vision/sales-intelligence via /vision/sales-intelligence
[110/129] /vision/service-advisor-intelligence via /vision/service-advisor-intelligence
[111/129] /vision/site-operations via /vision/site-operations
[112/129] /vision/smart-repair via /vision/smart-repair
[113/129] /vision/system-map via /vision/system-map
[114/129] /vision/valet via /vision/valet
[115/129] /vision/vehicle-prep via /vision/vehicle-prep
[116/129] /vision/vhc-intelligence via /vision/vhc-intelligence
[117/129] /vision/workflow-coordination via /vision/workflow-coordination
[118/129] /vision/workshop-intelligence via /vision/workshop-intelligence
[119/129] /website via /presentation/customer/website/0
[120/129] /website/dev via /website/dev
[121/129] /website/login via /presentation/customer/website-login/1
[122/129] /website/profile via /presentation/customer/website-profile/2
[123/129] /website/shop/cancel via /presentation/customer/website-shop-cancel/7
[124/129] /website/shop/cart via /presentation/customer/website-shop-cart/4
[125/129] /website/shop/checkout via /presentation/customer/website-shop-checkout/5
[126/129] /website/shop/success via /presentation/customer/website-shop-success/6
[127/129] /website#shop via /presentation/customer/website-shop/3
[128/129] /workshop via /workshop
[129/129] /workshop/consumables-tracker via /presentation/workshop-manager/workshop-consumables-tracker/1
Captured 125 screenshots into Screenshots\2026-06-09
Errors: 4
